<?xml version="1.0" encoding="UTF-8"?>
<!-- Generated by org.testng.reporters.JUnitReportReporter -->
<testsuite hostname="DESKTOP-F3HIC5N" failures="0" tests="1" name="com.qa.tests.HomePageTestValidate" time="39.013" errors="0" timestamp="27 May 2020 09:14:45 GMT" skipped="0">
  <testcase classname="com.qa.tests.HomePageTestValidate" name="validatetitiletest" time="39.013"/>
</testsuite> <!-- com.qa.tests.HomePageTestValidate -->
