<?xml version="1.0" encoding="UTF-8"?>
<!-- Generated by org.testng.reporters.JUnitReportReporter -->
<testsuite hostname="DESKTOP-F3HIC5N" failures="0" tests="1" name="com.qa.tests.ToolPageTest" time="132.701" errors="0" timestamp="27 May 2020 09:14:45 GMT" skipped="0">
  <testcase classname="com.qa.tests.ToolPageTest" name="validatetoolstest" time="132.701"/>
</testsuite> <!-- com.qa.tests.ToolPageTest -->
