<?xml version="1.0" encoding="UTF-8"?>
<!-- Generated by org.testng.reporters.JUnitReportReporter -->
<testsuite hostname="DESKTOP-F3HIC5N" failures="0" tests="1" name="com.qa.tests.LoginTestValidate" time="10.547" errors="0" timestamp="27 May 2020 05:14:47 GMT" skipped="0">
  <testcase classname="com.qa.tests.LoginTestValidate" name="validatetitiletest" time="10.547"/>
</testsuite> <!-- com.qa.tests.LoginTestValidate -->
