<?xml version="1.0" encoding="UTF-8"?>
<!-- Generated by org.testng.reporters.JUnitReportReporter -->
<testsuite hostname="DESKTOP-F3HIC5N" failures="0" tests="1" name="com.qa.tests.MediaPageTest" time="17.106" errors="0" timestamp="27 May 2020 05:24:12 GMT" skipped="0">
  <testcase classname="com.qa.tests.MediaPageTest" name="verifytitletoolstest" time="17.106"/>
</testsuite> <!-- com.qa.tests.MediaPageTest -->
